<?xml version="1.0" encoding="UTF-8"?>
<!-- Generated by org.testng.reporters.JUnitReportReporter -->
<testsuite skipped="0" hostname="WayneCPU" name="com.revature.endtoend.QualityAuditTest" tests="4" failures="0" timestamp="07 Aug 2019 16:24:20 GMT" time="44.065" errors="0">
  <testcase name="testSortAlphabetically" time="1.872" classname="com.revature.endtoend.QualityAuditTest"/>
  <testcase name="confirmQualityAuditPage" time="0.037" classname="com.revature.endtoend.QualityAuditTest"/>
  <testcase name="testWriteIndividualComments" time="29.643" classname="com.revature.endtoend.QualityAuditTest"/>
  <testcase name="testSortRandomly" time="12.513" classname="com.revature.endtoend.QualityAuditTest"/>
</testsuite> <!-- com.revature.endtoend.QualityAuditTest -->
