<?xml version="1.0" encoding="UTF-8"?>
<!-- Generated by org.testng.reporters.JUnitReportReporter -->
<testsuite skipped="0" hostname="WayneCPU" name="com.revature.endtoend.QualityAuditTest" tests="4" failures="0" timestamp="07 Aug 2019 20:09:45 GMT" time="44.342" errors="0">
  <testcase name="testSortAlphabetically" time="1.927" classname="com.revature.endtoend.QualityAuditTest"/>
  <testcase name="confirmQualityAuditPage" time="0.252" classname="com.revature.endtoend.QualityAuditTest"/>
  <testcase name="testWriteIndividualComments" time="29.624" classname="com.revature.endtoend.QualityAuditTest"/>
  <testcase name="testSortRandomly" time="12.539" classname="com.revature.endtoend.QualityAuditTest"/>
</testsuite> <!-- com.revature.endtoend.QualityAuditTest -->
