<?xml version="1.0" encoding="UTF-8"?>
<!-- Generated by org.testng.reporters.JUnitReportReporter -->
<testsuite skipped="0" hostname="WayneCPU" name="com.revature.endtoend.QualityAuditTest" tests="4" failures="0" timestamp="07 Aug 2019 20:34:36 GMT" time="34.881" errors="0">
  <testcase name="testSortAlphabetically" time="1.810" classname="com.revature.endtoend.QualityAuditTest"/>
  <testcase name="confirmQualityAuditPage" time="0.587" classname="com.revature.endtoend.QualityAuditTest"/>
  <testcase name="testWriteIndividualComments" time="28.008" classname="com.revature.endtoend.QualityAuditTest"/>
  <testcase name="testSortRandomly" time="4.476" classname="com.revature.endtoend.QualityAuditTest"/>
</testsuite> <!-- com.revature.endtoend.QualityAuditTest -->
